<?xml version="1.0" encoding="UTF-8"?>
<testsuite name="AppTest" tests="1" skipped="0" failures="0" errors="0" timestamp="2025-04-28T18:21:49" hostname="shruthi-VirtualBox" time="0.012">
  <properties/>
  <testcase name="testAppHasAGreeting" classname="AppTest" time="0.012"/>
  <system-out><![CDATA[]]></system-out>
  <system-err><![CDATA[]]></system-err>
</testsuite>
